2025-06-11 18:24:50 +05 СООБЩЕНИЕ:  система БД была выключена: 2025-06-11 18:14:48 +05
2025-06-11 18:29:50 +05 СООБЩЕНИЕ:  начата контрольная точка: time
2025-06-11 18:29:50 +05 СООБЩЕНИЕ:  контрольная точка завершена: записано буферов: 3 (0.0%); добавлено файлов WAL 0, удалено: 0, переработано: 0; запись=0.003 сек., синхр.=0.003 сек., всего=0.019 сек.; синхронизировано_файлов=2, самая_долгая_синхр.=0.002 сек., средняя=0.002 сек.; расстояние=0 kB, ожидалось=0 kB; lsn=0/15BC1D8, lsn redo=0/15BC180
2025-06-11 19:33:47 +05 СООБЩЕНИЕ:  не удалось получить данные от клиента: An existing connection was forcibly closed by the remote host.
	
2025-06-11 19:34:07 +05 СООБЩЕНИЕ:  не удалось получить данные от клиента: An existing connection was forcibly closed by the remote host.
	
2025-06-11 19:43:38 +05 ВАЖНО:  база данных "yumi" не существует
2025-06-11 19:44:07 +05 ВАЖНО:  база данных "yumi" не существует
2025-06-11 19:44:40 +05 ВАЖНО:  база данных "yumi" не существует
2025-06-11 19:48:31 +05 ВАЖНО:  пользователь "postgres" не прошёл проверку подлинности (по паролю)
2025-06-11 19:48:31 +05 ПОДРОБНОСТИ:  Подключение соответствует строке 117 в "D:/PUBLIC/Yumi/PostgreSQL/17/data/pg_hba.conf": "host    all             all             ::1/128                 scram-sha-256"
2025-06-11 19:49:27 +05 ВАЖНО:  пользователь "postgres" не прошёл проверку подлинности (по паролю)
2025-06-11 19:49:27 +05 ПОДРОБНОСТИ:  Подключение соответствует строке 117 в "D:/PUBLIC/Yumi/PostgreSQL/17/data/pg_hba.conf": "host    all             all             ::1/128                 scram-sha-256"
2025-06-11 19:50:09 +05 ВАЖНО:  пользователь "postgres" не прошёл проверку подлинности (по паролю)
2025-06-11 19:50:09 +05 ПОДРОБНОСТИ:  Подключение соответствует строке 117 в "D:/PUBLIC/Yumi/PostgreSQL/17/data/pg_hba.conf": "host    all             all             ::1/128                 scram-sha-256"
2025-06-11 19:54:50 +05 СООБЩЕНИЕ:  начата контрольная точка: time
2025-06-11 19:55:18 +05 РЎРћРћР‘Р©Р•РќРР•:  РЅРµ СѓРґР°Р»РѕСЃСЊ РїРѕР»СѓС‡РёС‚СЊ РґР°РЅРЅС‹Рµ РѕС‚ РєР»РёРµРЅС‚Р°: An existing connection was forcibly closed by the remote host.
	
2025-06-11 19:56:37 +05 СООБЩЕНИЕ:  контрольная точка завершена: записано буферов: 983 (6.0%); добавлено файлов WAL 0, удалено: 0, переработано: 0; запись=106.909 сек., синхр.=0.279 сек., всего=107.199 сек.; синхронизировано_файлов=307, самая_долгая_синхр.=0.009 сек., средняя=0.001 сек.; расстояние=4556 kB, ожидалось=4556 kB; lsn=0/1A2F508, lsn redo=0/1A2F478
2025-06-11 19:57:31 +05 РЎРћРћР‘Р©Р•РќРР•:  РЅРµ СѓРґР°Р»РѕСЃСЊ РїРѕР»СѓС‡РёС‚СЊ РґР°РЅРЅС‹Рµ РѕС‚ РєР»РёРµРЅС‚Р°: An existing connection was forcibly closed by the remote host.
	
2025-06-11 20:01:34 +05 РЎРћРћР‘Р©Р•РќРР•:  РЅРµ СѓРґР°Р»РѕСЃСЊ РїРѕР»СѓС‡РёС‚СЊ РґР°РЅРЅС‹Рµ РѕС‚ РєР»РёРµРЅС‚Р°: An existing connection was forcibly closed by the remote host.
	
2025-06-11 20:03:17 +05 РЎРћРћР‘Р©Р•РќРР•:  РЅРµ СѓРґР°Р»РѕСЃСЊ РїРѕР»СѓС‡РёС‚СЊ РґР°РЅРЅС‹Рµ РѕС‚ РєР»РёРµРЅС‚Р°: An existing connection was forcibly closed by the remote host.
	
2025-06-11 20:06:44 +05 РЎРћРћР‘Р©Р•РќРР•:  РЅРµ СѓРґР°Р»РѕСЃСЊ РїРѕР»СѓС‡РёС‚СЊ РґР°РЅРЅС‹Рµ РѕС‚ РєР»РёРµРЅС‚Р°: An existing connection was forcibly closed by the remote host.
	
2025-06-11 20:09:50 +05 СООБЩЕНИЕ:  начата контрольная точка: time
2025-06-11 20:09:56 +05 СООБЩЕНИЕ:  контрольная точка завершена: записано буферов: 50 (0.3%); добавлено файлов WAL 0, удалено: 0, переработано: 0; запись=5.290 сек., синхр.=0.051 сек., всего=5.353 сек.; синхронизировано_файлов=43, самая_долгая_синхр.=0.003 сек., средняя=0.002 сек.; расстояние=166 kB, ожидалось=4117 kB; lsn=0/1A58DD8, lsn redo=0/1A58D80
2025-06-11 20:15:13 +05 РЎРћРћР‘Р©Р•РќРР•:  РЅРµ СѓРґР°Р»РѕСЃСЊ РїРѕР»СѓС‡РёС‚СЊ РґР°РЅРЅС‹Рµ РѕС‚ РєР»РёРµРЅС‚Р°: An existing connection was forcibly closed by the remote host.
	
2025-06-11 20:20:46 +05 ОШИБКА:  выполнение оператора отменено по запросу пользователя
2025-06-11 20:20:46 +05 СООБЩЕНИЕ:  выключение
2025-06-11 20:20:46 +05 СООБЩЕНИЕ:  начата контрольная точка: shutdown immediate
2025-06-11 20:20:46 +05 СООБЩЕНИЕ:  контрольная точка завершена: записано буферов: 0 (0.0%); добавлено файлов WAL 0, удалено: 0, переработано: 0; запись=0.001 сек., синхр.=0.001 сек., всего=0.013 сек.; синхронизировано_файлов=0, самая_долгая_синхр.=0.000 сек., средняя=0.000 сек.; расстояние=0 kB, ожидалось=3705 kB; lsn=0/1A58E88, lsn redo=0/1A58E88
