2025-06-13 21:00:02 +05 СООБЩЕНИЕ:  запускается PostgreSQL 17.5 on x86_64-windows, compiled by msvc-19.43.34808, 64-bit
2025-06-13 21:00:02 +05 СООБЩЕНИЕ:  для приёма подключений по адресу IPv6 "::" открыт порт 5432
2025-06-13 21:00:02 +05 СООБЩЕНИЕ:  для приёма подключений по адресу IPv4 "0.0.0.0" открыт порт 5432
2025-06-13 21:00:03 +05 СООБЩЕНИЕ:  работа системы БД была прервана; последний момент работы: 2025-06-13 20:43:17 +05
2025-06-13 21:00:03 +05 СООБЩЕНИЕ:  система БД была остановлена нештатно; производится автоматическое восстановление
2025-06-13 21:00:03 +05 СООБЩЕНИЕ:  запись REDO начинается со смещения 0/1A5D100
2025-06-13 21:00:03 +05 СООБЩЕНИЕ:  неверная длина записи в позиции 0/1A5D138: ожидалось минимум 24, получено 0
2025-06-13 21:00:03 +05 СООБЩЕНИЕ:  записи REDO обработаны до смещения 0/1A5D100, нагрузка системы: CPU: пользов.: 0.00 с, система: 0.00 с, прошло: 0.00 с
2025-06-13 21:00:03 +05 СООБЩЕНИЕ:  начата контрольная точка: end-of-recovery immediate wait
2025-06-13 21:00:03 +05 СООБЩЕНИЕ:  контрольная точка завершена: записано буферов: 3 (0.0%); добавлено файлов WAL 0, удалено: 0, переработано: 0; запись=0.003 сек., синхр.=0.004 сек., всего=0.018 сек.; синхронизировано_файлов=2, самая_долгая_синхр.=0.003 сек., средняя=0.002 сек.; расстояние=0 kB, ожидалось=0 kB; lsn=0/1A5D138, lsn redo=0/1A5D138
2025-06-13 21:00:03 +05 СООБЩЕНИЕ:  система БД готова принимать подключения
2025-06-13 21:18:08 +05 СООБЩЕНИЕ:  процесс сервера (PID 15012) был прерван исключением 0xC000013A
2025-06-13 21:18:08 +05 ПОДРОБНОСТИ:  Завершившийся процесс выполнял действие: SELECT
	  d.datname as "Name",
	  pg_catalog.pg_get_userbyid(d.datdba) as "Owner",
	  pg_catalog.pg_encoding_to_char(d.encoding) as "Encoding",
	  CASE d.datlocprovider WHEN 'b' THEN 'builtin' WHEN 'c' THEN 'libc' WHEN 'i' THEN 'icu' END AS "Locale Provider",
	  d.datcollate as "Collate",
	  d.datctype as "Ctype",
	  d.datlocale as "Locale",
	  d.daticurules as "ICU Rules",
	  CASE WHEN pg_catalog.array_length(d.datacl, 1) = 0 THEN '(none)' ELSE pg_catalog.array_to_string(d.datacl, E'\n') END AS "Access privileges"
	FROM pg_catalog.pg_database d
	ORDER BY 1;
2025-06-13 21:18:08 +05 ПОДСКАЗКА:  Описание этого шестнадцатеричного значения ищите во включаемом C-файле "ntstatus.h"
2025-06-13 21:18:08 +05 СООБЩЕНИЕ:  завершение всех остальных активных серверных процессов
