2025-07-10 15:29:53 +05 СООБЩЕНИЕ:  система БД была выключена: 2025-07-10 12:01:33 +05
2025-07-10 15:34:53 +05 СООБЩЕНИЕ:  начата контрольная точка: time
2025-07-10 15:34:53 +05 СООБЩЕНИЕ:  контрольная точка завершена: записано буферов: 3 (0.0%); добавлено файлов WAL 0, удалено: 0, переработано: 0; запись=0.007 сек., синхр.=0.005 сек., всего=0.037 сек.; синхронизировано_файлов=2, самая_долгая_синхр.=0.003 сек., средняя=0.003 сек.; расстояние=0 kB, ожидалось=0 kB; lsn=0/1AB2880, lsn redo=0/1AB2828
2025-07-10 15:52:03 +05 РћРЁРР‘РљРђ:  РѕС‚РЅРѕС€РµРЅРёРµ "invites" СѓР¶Рµ СЃСѓС‰РµСЃС‚РІСѓРµС‚
2025-07-10 15:52:03 +05 РћРџР•Р РђРўРћР :  CREATE TABLE invites (
	  id SERIAL PRIMARY KEY,
	  code VARCHAR(16) UNIQUE NOT NULL, -- РЈРЅРёРєР°Р»СЊРЅС‹Р№ РєРѕРґ (РЅР°РїСЂРёРјРµСЂ: yumiABC123)
	  type VARCHAR(10) NOT NULL,        -- РўРёРї Р±РёР»РµС‚Р°: Basic / Member / Premium / Founder
	  price DECIMAL(5, 2) NOT NULL,     -- Р¦РµРЅР°: 0.99 / 4.99 / 8.00 / 15.00
	  created_at TIMESTAMP DEFAULT CURRENT_TIMESTAMP,
	  expires_at TIMESTAMP NOT NULL,    -- РЎСЂРѕРє РґРµР№СЃС‚РІРёСЏ СЃСЃС‹Р»РєРё (РЅР°РїСЂРёРјРµСЂ, 7 РґРЅРµР№ СЃ РјРѕРјРµРЅС‚Р° СЃРѕР·РґР°РЅРёСЏ)
	  used BOOLEAN DEFAULT FALSE,       -- Р‘С‹Р»Р° Р»Рё СЃСЃС‹Р»РєР° РёСЃРїРѕР»СЊР·РѕРІР°РЅР°
	  used_by INTEGER REFERENCES users(id), -- РљС‚Рѕ РёСЃРїРѕР»СЊР·РѕРІР°Р» (foreign key РЅР° users)
	  activated_at TIMESTAMP            -- РљРѕРіРґР° Р±С‹Р»Р° Р°РєС‚РёРІРёСЂРѕРІР°РЅР°
	);
2025-07-10 15:52:04 +05 РћРЁРР‘РљРђ:  РѕС‚РЅРѕС€РµРЅРёРµ "invites" СѓР¶Рµ СЃСѓС‰РµСЃС‚РІСѓРµС‚
2025-07-10 15:52:04 +05 РћРџР•Р РђРўРћР :  CREATE TABLE invites (
	  id SERIAL PRIMARY KEY,
	  code VARCHAR(16) UNIQUE NOT NULL, -- РЈРЅРёРєР°Р»СЊРЅС‹Р№ РєРѕРґ (РЅР°РїСЂРёРјРµСЂ: yumiABC123)
	  type VARCHAR(10) NOT NULL,        -- РўРёРї Р±РёР»РµС‚Р°: Basic / Member / Premium / Founder
	  price DECIMAL(5, 2) NOT NULL,     -- Р¦РµРЅР°: 0.99 / 4.99 / 8.00 / 15.00
	  created_at TIMESTAMP DEFAULT CURRENT_TIMESTAMP,
	  expires_at TIMESTAMP NOT NULL,    -- РЎСЂРѕРє РґРµР№СЃС‚РІРёСЏ СЃСЃС‹Р»РєРё (РЅР°РїСЂРёРјРµСЂ, 7 РґРЅРµР№ СЃ РјРѕРјРµРЅС‚Р° СЃРѕР·РґР°РЅРёСЏ)
	  used BOOLEAN DEFAULT FALSE,       -- Р‘С‹Р»Р° Р»Рё СЃСЃС‹Р»РєР° РёСЃРїРѕР»СЊР·РѕРІР°РЅР°
	  used_by INTEGER REFERENCES users(id), -- РљС‚Рѕ РёСЃРїРѕР»СЊР·РѕРІР°Р» (foreign key РЅР° users)
	  activated_at TIMESTAMP            -- РљРѕРіРґР° Р±С‹Р»Р° Р°РєС‚РёРІРёСЂРѕРІР°РЅР°
	);
	
2025-07-10 15:52:04 +05 РћРЁРР‘РљРђ:  РѕС‚РЅРѕС€РµРЅРёРµ "invites" СѓР¶Рµ СЃСѓС‰РµСЃС‚РІСѓРµС‚
2025-07-10 15:52:04 +05 РћРџР•Р РђРўРћР :  CREATE TABLE invites (
	  id SERIAL PRIMARY KEY,
	  code VARCHAR(16) UNIQUE NOT NULL, -- РЈРЅРёРєР°Р»СЊРЅС‹Р№ РєРѕРґ (РЅР°РїСЂРёРјРµСЂ: yumiABC123)
	  type VARCHAR(10) NOT NULL,        -- РўРёРї Р±РёР»РµС‚Р°: Basic / Member / Premium / Founder
	  price DECIMAL(5, 2) NOT NULL,     -- Р¦РµРЅР°: 0.99 / 4.99 / 8.00 / 15.00
	  created_at TIMESTAMP DEFAULT CURRENT_TIMESTAMP,
	  expires_at TIMESTAMP NOT NULL,    -- РЎСЂРѕРє РґРµР№СЃС‚РІРёСЏ СЃСЃС‹Р»РєРё (РЅР°РїСЂРёРјРµСЂ, 7 РґРЅРµР№ СЃ РјРѕРјРµРЅС‚Р° СЃРѕР·РґР°РЅРёСЏ)
	  used BOOLEAN DEFAULT FALSE,       -- Р‘С‹Р»Р° Р»Рё СЃСЃС‹Р»РєР° РёСЃРїРѕР»СЊР·РѕРІР°РЅР°
	  used_by INTEGER REFERENCES users(id), -- РљС‚Рѕ РёСЃРїРѕР»СЊР·РѕРІР°Р» (foreign key РЅР° users)
	  activated_at TIMESTAMP            -- РљРѕРіРґР° Р±С‹Р»Р° Р°РєС‚РёРІРёСЂРѕРІР°РЅР°
	);
2025-07-10 15:54:53 +05 СООБЩЕНИЕ:  начата контрольная точка: time
2025-07-10 15:54:58 +05 СООБЩЕНИЕ:  контрольная точка завершена: записано буферов: 44 (0.3%); добавлено файлов WAL 0, удалено: 0, переработано: 0; запись=4.602 сек., синхр.=0.049 сек., всего=4.662 сек.; синхронизировано_файлов=42, самая_долгая_синхр.=0.002 сек., средняя=0.002 сек.; расстояние=162 kB, ожидалось=162 kB; lsn=0/1ADB300, lsn redo=0/1ADB2A8
2025-07-10 16:11:36 +05 РЎРћРћР‘Р©Р•РќРР•:  РЅРµ СѓРґР°Р»РѕСЃСЊ РїРѕР»СѓС‡РёС‚СЊ РґР°РЅРЅС‹Рµ РѕС‚ РєР»РёРµРЅС‚Р°: An existing connection was forcibly closed by the remote host.
	
2025-07-10 16:11:36 +05 РЎРћРћР‘Р©Р•РќРР•:  РЅРµ СѓРґР°Р»РѕСЃСЊ РїРѕР»СѓС‡РёС‚СЊ РґР°РЅРЅС‹Рµ РѕС‚ РєР»РёРµРЅС‚Р°: An existing connection was forcibly closed by the remote host.
	
2025-07-10 16:11:36 +05 РЎРћРћР‘Р©Р•РќРР•:  РЅРµ СѓРґР°Р»РѕСЃСЊ РїРѕР»СѓС‡РёС‚СЊ РґР°РЅРЅС‹Рµ РѕС‚ РєР»РёРµРЅС‚Р°: An existing connection was forcibly closed by the remote host.
	
2025-07-10 16:11:36 +05 РЎРћРћР‘Р©Р•РќРР•:  РЅРµ СѓРґР°Р»РѕСЃСЊ РїРѕР»СѓС‡РёС‚СЊ РґР°РЅРЅС‹Рµ РѕС‚ РєР»РёРµРЅС‚Р°: An existing connection was forcibly closed by the remote host.
	
2025-07-10 17:41:54 +05 ОШИБКА:  выполнение оператора отменено по запросу пользователя
2025-07-10 17:41:54 +05 СООБЩЕНИЕ:  выключение
2025-07-10 17:41:54 +05 СООБЩЕНИЕ:  начата контрольная точка: shutdown immediate
2025-07-10 17:41:54 +05 СООБЩЕНИЕ:  контрольная точка завершена: записано буферов: 0 (0.0%); добавлено файлов WAL 0, удалено: 0, переработано: 0; запись=0.002 сек., синхр.=0.001 сек., всего=0.014 сек.; синхронизировано_файлов=0, самая_долгая_синхр.=0.000 сек., средняя=0.000 сек.; расстояние=0 kB, ожидалось=146 kB; lsn=0/1ADB3B0, lsn redo=0/1ADB3B0
