2025-06-14 11:54:46 +05 СООБЩЕНИЕ:  запускается PostgreSQL 17.5 on x86_64-windows, compiled by msvc-19.43.34808, 64-bit
2025-06-14 11:54:46 +05 СООБЩЕНИЕ:  для приёма подключений по адресу IPv6 "::" открыт порт 5432
2025-06-14 11:54:46 +05 СООБЩЕНИЕ:  для приёма подключений по адресу IPv4 "0.0.0.0" открыт порт 5432
2025-06-14 11:54:46 +05 СООБЩЕНИЕ:  работа системы БД была прервана; последний момент работы: 2025-06-14 11:46:44 +05
2025-06-14 11:54:46 +05 ВАЖНО:  система баз данных запускается
2025-06-14 11:54:46 +05 ВАЖНО:  система баз данных запускается
2025-06-14 11:54:46 +05 ВАЖНО:  система баз данных запускается
2025-06-14 11:54:46 +05 ВАЖНО:  система баз данных запускается
2025-06-14 11:54:46 +05 ВАЖНО:  система баз данных запускается
2025-06-14 11:54:47 +05 ВАЖНО:  система баз данных запускается
2025-06-14 11:54:47 +05 ВАЖНО:  система баз данных запускается
2025-06-14 11:54:47 +05 ВАЖНО:  система баз данных запускается
2025-06-14 11:54:47 +05 ВАЖНО:  система баз данных запускается
2025-06-14 11:54:47 +05 ВАЖНО:  система баз данных запускается
2025-06-14 11:54:47 +05 ВАЖНО:  система баз данных запускается
2025-06-14 11:54:47 +05 ВАЖНО:  система баз данных запускается
2025-06-14 11:54:47 +05 ВАЖНО:  система баз данных запускается
2025-06-14 11:54:47 +05 ВАЖНО:  система баз данных запускается
2025-06-14 11:54:47 +05 ВАЖНО:  система баз данных запускается
2025-06-14 11:54:47 +05 ВАЖНО:  система баз данных запускается
2025-06-14 11:54:47 +05 СООБЩЕНИЕ:  система БД была остановлена нештатно; производится автоматическое восстановление
2025-06-14 11:54:47 +05 СООБЩЕНИЕ:  запись REDO начинается со смещения 0/1A5D470
2025-06-14 11:54:47 +05 СООБЩЕНИЕ:  неверная длина записи в позиции 0/1A5FD78: ожидалось минимум 24, получено 0
2025-06-14 11:54:47 +05 СООБЩЕНИЕ:  записи REDO обработаны до смещения 0/1A5FD40, нагрузка системы: CPU: пользов.: 0.00 с, система: 0.00 с, прошло: 0.00 с
2025-06-14 11:54:47 +05 СООБЩЕНИЕ:  начата контрольная точка: end-of-recovery immediate wait
2025-06-14 11:54:47 +05 СООБЩЕНИЕ:  контрольная точка завершена: записано буферов: 6 (0.0%); добавлено файлов WAL 0, удалено: 0, переработано: 0; запись=0.004 сек., синхр.=0.006 сек., всего=0.022 сек.; синхронизировано_файлов=4, самая_долгая_синхр.=0.002 сек., средняя=0.002 сек.; расстояние=10 kB, ожидалось=10 kB; lsn=0/1A5FD78, lsn redo=0/1A5FD78
2025-06-14 11:54:47 +05 ВАЖНО:  система баз данных запускается
2025-06-14 11:54:47 +05 СООБЩЕНИЕ:  система БД готова принимать подключения
2025-06-14 11:56:09 +05 РћРЁРР‘РљРђ:  СЃС‚РѕР»Р±РµС† "password_hash" РІ С‚Р°Р±Р»РёС†Рµ "users" РЅРµ СЃСѓС‰РµСЃС‚РІСѓРµС‚ (СЃРёРјРІРѕР» 37)
2025-06-14 11:56:09 +05 РћРџР•Р РђРўРћР :  INSERT INTO users (username, email, password_hash) VALUES
	('testuser', 'test@yumi.com', '123456hash');
2025-06-14 12:33:57 +05 РЎРћРћР‘Р©Р•РќРР•:  РЅРµ СѓРґР°Р»РѕСЃСЊ РїРѕР»СѓС‡РёС‚СЊ РґР°РЅРЅС‹Рµ РѕС‚ РєР»РёРµРЅС‚Р°: An existing connection was forcibly closed by the remote host.
	
2025-06-14 12:33:57 +05 РЎРћРћР‘Р©Р•РќРР•:  РЅРµ СѓРґР°Р»РѕСЃСЊ РїРѕР»СѓС‡РёС‚СЊ РґР°РЅРЅС‹Рµ РѕС‚ РєР»РёРµРЅС‚Р°: An existing connection was forcibly closed by the remote host.
	
2025-06-14 12:34:00 +05 СООБЩЕНИЕ:  процесс сервера (PID 12260) был прерван исключением 0xC000013A
2025-06-14 12:34:00 +05 ПОДРОБНОСТИ:  Завершившийся процесс выполнял действие: SELECT c.oid::pg_catalog.regclass, c.relkind, inhdetachpending, pg_catalog.pg_get_expr(c.relpartbound, c.oid)
	FROM pg_catalog.pg_class c, pg_catalog.pg_inherits i
	WHERE c.oid = i.inhrelid AND i.inhparent = '16391'
	ORDER BY pg_catalog.pg_get_expr(c.relpartbound, c.oid) = 'DEFAULT', c.oid::pg_catalog.regclass::pg_catalog.text;
2025-06-14 12:34:00 +05 ПОДСКАЗКА:  Описание этого шестнадцатеричного значения ищите во включаемом C-файле "ntstatus.h"
2025-06-14 12:34:00 +05 СООБЩЕНИЕ:  завершение всех остальных активных серверных процессов
