2025-06-15 07:33:02 +05 СООБЩЕНИЕ:  система БД была выключена: 2025-06-15 00:39:10 +05
2025-06-15 07:38:02 +05 СООБЩЕНИЕ:  начата контрольная точка: time
2025-06-15 07:38:02 +05 СООБЩЕНИЕ:  контрольная точка завершена: записано буферов: 3 (0.0%); добавлено файлов WAL 0, удалено: 0, переработано: 0; запись=0.006 сек., синхр.=0.004 сек., всего=0.034 сек.; синхронизировано_файлов=2, самая_долгая_синхр.=0.003 сек., средняя=0.002 сек.; расстояние=0 kB, ожидалось=0 kB; lsn=0/1A6D6C8, lsn redo=0/1A6D670
2025-06-15 08:09:05 +05 ВАЖНО:  пользователь "postgres" не прошёл проверку подлинности (по паролю)
2025-06-15 08:09:05 +05 ПОДРОБНОСТИ:  Подключение соответствует строке 117 в "D:/PUBLIC/Yumi/sql/17/data/pg_hba.conf": "host    all             all             ::1/128                 scram-sha-256"
2025-06-15 08:13:03 +05 РЎРћРћР‘Р©Р•РќРР•:  РЅРµ СѓРґР°Р»РѕСЃСЊ РїРѕР»СѓС‡РёС‚СЊ РґР°РЅРЅС‹Рµ РѕС‚ РєР»РёРµРЅС‚Р°: An existing connection was forcibly closed by the remote host.
	
2025-06-15 08:20:21 +05 РЎРћРћР‘Р©Р•РќРР•:  РЅРµ СѓРґР°Р»РѕСЃСЊ РїРѕР»СѓС‡РёС‚СЊ РґР°РЅРЅС‹Рµ РѕС‚ РєР»РёРµРЅС‚Р°: An existing connection was forcibly closed by the remote host.
	
2025-06-15 08:20:21 +05 РЎРћРћР‘Р©Р•РќРР•:  РЅРµ СѓРґР°Р»РѕСЃСЊ РїРѕР»СѓС‡РёС‚СЊ РґР°РЅРЅС‹Рµ РѕС‚ РєР»РёРµРЅС‚Р°: An existing connection was forcibly closed by the remote host.
	
2025-06-15 08:23:14 +05 РЎРћРћР‘Р©Р•РќРР•:  РЅРµ СѓРґР°Р»РѕСЃСЊ РїРѕР»СѓС‡РёС‚СЊ РґР°РЅРЅС‹Рµ РѕС‚ РєР»РёРµРЅС‚Р°: An existing connection was forcibly closed by the remote host.
	
2025-06-15 08:53:57 +05 РЎРћРћР‘Р©Р•РќРР•:  РЅРµ СѓРґР°Р»РѕСЃСЊ РїРѕР»СѓС‡РёС‚СЊ РґР°РЅРЅС‹Рµ РѕС‚ РєР»РёРµРЅС‚Р°: An existing connection was forcibly closed by the remote host.
	
2025-06-15 08:53:57 +05 РЎРћРћР‘Р©Р•РќРР•:  РЅРµ СѓРґР°Р»РѕСЃСЊ РїРѕР»СѓС‡РёС‚СЊ РґР°РЅРЅС‹Рµ РѕС‚ РєР»РёРµРЅС‚Р°: An existing connection was forcibly closed by the remote host.
	
2025-06-15 08:53:57 +05 РЎРћРћР‘Р©Р•РќРР•:  РЅРµ СѓРґР°Р»РѕСЃСЊ РїРѕР»СѓС‡РёС‚СЊ РґР°РЅРЅС‹Рµ РѕС‚ РєР»РёРµРЅС‚Р°: An existing connection was forcibly closed by the remote host.
	
2025-06-15 08:59:02 +05 РћРЁРР‘РљРђ:  РѕС€РёР±РєР° СЃРёРЅС‚Р°РєСЃРёСЃР° (РїСЂРёРјРµСЂРЅРѕРµ РїРѕР»РѕР¶РµРЅРёРµ: "psql") (СЃРёРјРІРѕР» 1)
2025-06-15 08:59:02 +05 РћРџР•Р РђРўРћР :  psql -U postgres -d yumi
	ALTER TABLE users ADD COLUMN phone VARCHAR(20);
2025-06-15 08:59:10 +05 РћРЁРР‘РљРђ:  СЃС‚РѕР»Р±РµС† "phone" РЅРµ СЃСѓС‰РµСЃС‚РІСѓРµС‚
2025-06-15 08:59:10 +05 РћРџР•Р РђРўРћР :  ALTER TABLE users ADD CONSTRAINT email_or_phone_check 
	CHECK (
	  (email IS NOT NULL AND phone IS NULL) OR
	  (email IS NULL AND phone IS NOT NULL)
	);
2025-06-15 09:01:47 +05 СООБЩЕНИЕ:  начата контрольная точка: time
2025-06-15 09:01:49 +05 СООБЩЕНИЕ:  контрольная точка завершена: записано буферов: 19 (0.1%); добавлено файлов WAL 0, удалено: 0, переработано: 0; запись=1.949 сек., синхр.=0.033 сек., всего=2.006 сек.; синхронизировано_файлов=17, самая_долгая_синхр.=0.004 сек., средняя=0.002 сек.; расстояние=58 kB, ожидалось=58 kB; lsn=0/1A7C1D0, lsn redo=0/1A7C178
2025-06-15 09:43:30 +05 РЎРћРћР‘Р©Р•РќРР•:  РЅРµ СѓРґР°Р»РѕСЃСЊ РїРѕР»СѓС‡РёС‚СЊ РґР°РЅРЅС‹Рµ РѕС‚ РєР»РёРµРЅС‚Р°: An existing connection was forcibly closed by the remote host.
	
2025-06-15 09:47:35 +05 ОШИБКА:  выполнение оператора отменено по запросу пользователя
2025-06-15 09:47:35 +05 СООБЩЕНИЕ:  выключение
2025-06-15 09:47:35 +05 СООБЩЕНИЕ:  начата контрольная точка: shutdown immediate
2025-06-15 09:47:35 +05 СООБЩЕНИЕ:  контрольная точка завершена: записано буферов: 0 (0.0%); добавлено файлов WAL 0, удалено: 0, переработано: 0; запись=0.001 сек., синхр.=0.001 сек., всего=0.013 сек.; синхронизировано_файлов=0, самая_долгая_синхр.=0.000 сек., средняя=0.000 сек.; расстояние=0 kB, ожидалось=52 kB; lsn=0/1A7C280, lsn redo=0/1A7C280
