2025-06-14 11:46:43 +05 СООБЩЕНИЕ:  запускается PostgreSQL 17.5 on x86_64-windows, compiled by msvc-19.43.34808, 64-bit
2025-06-14 11:46:43 +05 СООБЩЕНИЕ:  для приёма подключений по адресу IPv6 "::" открыт порт 5432
2025-06-14 11:46:43 +05 СООБЩЕНИЕ:  для приёма подключений по адресу IPv4 "0.0.0.0" открыт порт 5432
2025-06-14 11:46:43 +05 СООБЩЕНИЕ:  работа системы БД была прервана; последний момент работы: 2025-06-14 11:24:38 +05
2025-06-14 11:46:44 +05 СООБЩЕНИЕ:  система БД была остановлена нештатно; производится автоматическое восстановление
2025-06-14 11:46:44 +05 СООБЩЕНИЕ:  запись REDO начинается со смещения 0/1A5D3C0
2025-06-14 11:46:44 +05 СООБЩЕНИЕ:  неверная длина записи в позиции 0/1A5D3F8: ожидалось минимум 24, получено 0
2025-06-14 11:46:44 +05 СООБЩЕНИЕ:  записи REDO обработаны до смещения 0/1A5D3C0, нагрузка системы: CPU: пользов.: 0.00 с, система: 0.00 с, прошло: 0.00 с
2025-06-14 11:46:44 +05 СООБЩЕНИЕ:  начата контрольная точка: end-of-recovery immediate wait
2025-06-14 11:46:44 +05 СООБЩЕНИЕ:  контрольная точка завершена: записано буферов: 3 (0.0%); добавлено файлов WAL 0, удалено: 0, переработано: 0; запись=0.003 сек., синхр.=0.003 сек., всего=0.015 сек.; синхронизировано_файлов=2, самая_долгая_синхр.=0.002 сек., средняя=0.002 сек.; расстояние=0 kB, ожидалось=0 kB; lsn=0/1A5D3F8, lsn redo=0/1A5D3F8
2025-06-14 11:46:44 +05 СООБЩЕНИЕ:  система БД готова принимать подключения
2025-06-14 11:51:21 +05 СООБЩЕНИЕ:  процесс сервера (PID 1996) был прерван исключением 0xC000013A
2025-06-14 11:51:21 +05 ПОДРОБНОСТИ:  Завершившийся процесс выполнял действие: /*pga4dash*/
	SELECT 'session_stats' AS chart_name, pg_catalog.row_to_json(t) AS chart_data
	FROM (SELECT
	   (SELECT count(*) FROM pg_catalog.pg_stat_activity WHERE datname = (SELECT datname FROM pg_catalog.pg_database WHERE oid = 16388)) AS "Total",
	   (SELECT count(*) FROM pg_catalog.pg_stat_activity WHERE state = 'active' AND datname = (SELECT datname FROM pg_catalog.pg_database WHERE oid = 16388))  AS "Active",
	   (SELECT count(*) FROM pg_catalog.pg_stat_activity WHERE state = 'idle' AND datname = (SELECT datname FROM pg_catalog.pg_database WHERE oid = 16388))  AS "Idle"
	) t
	UNION ALL
	SELECT 'tps_stats' AS chart_name, pg_catalog.row_to_json(t) AS chart_data
	FROM (SELECT
	   (SELECT sum(xact_commit) + sum(xact_rollback) FROM pg_catalog.pg_stat_database WHERE datname = (SELECT datname FROM pg_catalog.pg_database WHERE oid = 16388)) AS "Transactions",
	   (SELECT sum(xact_commit) FROM pg_catalog.pg_stat_database WHERE datname = (SELECT datname FROM pg_catalog.pg_database WHERE oid = 16388)) AS "Commits",
	   (SE
2025-06-14 11:51:21 +05 ПОДСКАЗКА:  Описание этого шестнадцатеричного значения ищите во включаемом C-файле "ntstatus.h"
2025-06-14 11:51:21 +05 СООБЩЕНИЕ:  завершение всех остальных активных серверных процессов
