2025-06-14 13:33:25 +05 СООБЩЕНИЕ:  запускается PostgreSQL 17.5 on x86_64-windows, compiled by msvc-19.43.34808, 64-bit
2025-06-14 13:33:25 +05 СООБЩЕНИЕ:  для приёма подключений по адресу IPv6 "::" открыт порт 5432
2025-06-14 13:33:25 +05 СООБЩЕНИЕ:  для приёма подключений по адресу IPv4 "0.0.0.0" открыт порт 5432
2025-06-14 13:33:25 +05 СООБЩЕНИЕ:  работа системы БД была прервана; последний момент работы: 2025-06-14 11:54:47 +05
2025-06-14 13:33:26 +05 СООБЩЕНИЕ:  система БД была остановлена нештатно; производится автоматическое восстановление
2025-06-14 13:33:26 +05 СООБЩЕНИЕ:  запись REDO начинается со смещения 0/1A5FDF0
2025-06-14 13:33:26 +05 СООБЩЕНИЕ:  неверная длина записи в позиции 0/1A5FE28: ожидалось минимум 24, получено 0
2025-06-14 13:33:26 +05 СООБЩЕНИЕ:  записи REDO обработаны до смещения 0/1A5FDF0, нагрузка системы: CPU: пользов.: 0.00 с, система: 0.00 с, прошло: 0.00 с
2025-06-14 13:33:26 +05 СООБЩЕНИЕ:  начата контрольная точка: end-of-recovery immediate wait
2025-06-14 13:33:26 +05 СООБЩЕНИЕ:  контрольная точка завершена: записано буферов: 3 (0.0%); добавлено файлов WAL 0, удалено: 0, переработано: 0; запись=0.002 сек., синхр.=0.003 сек., всего=0.016 сек.; синхронизировано_файлов=2, самая_долгая_синхр.=0.002 сек., средняя=0.002 сек.; расстояние=0 kB, ожидалось=0 kB; lsn=0/1A5FE28, lsn redo=0/1A5FE28
2025-06-14 13:33:26 +05 СООБЩЕНИЕ:  система БД готова принимать подключения
2025-06-14 13:34:43 +05 РћРЁРР‘РљРђ:  Р±Р°Р·Р° РґР°РЅРЅС‹С… "yumi" СѓР¶Рµ СЃСѓС‰РµСЃС‚РІСѓРµС‚
2025-06-14 13:34:43 +05 РћРџР•Р РђРўРћР :  CREATE DATABASE yumi;
2025-06-14 13:35:24 +05 РћРЁРР‘РљРђ:  РѕС‚РЅРѕС€РµРЅРёРµ "users" СѓР¶Рµ СЃСѓС‰РµСЃС‚РІСѓРµС‚
2025-06-14 13:35:24 +05 РћРџР•Р РђРўРћР :  CREATE TABLE users (
	    id SERIAL PRIMARY KEY,
	    username VARCHAR(100) NOT NULL,
	    email VARCHAR(255) UNIQUE NOT NULL,
	    password TEXT NOT NULL,
	    created_at TIMESTAMP DEFAULT CURRENT_TIMESTAMP
	);
2025-06-14 13:38:26 +05 СООБЩЕНИЕ:  начата контрольная точка: time
2025-06-14 13:38:28 +05 СООБЩЕНИЕ:  контрольная точка завершена: записано буферов: 15 (0.1%); добавлено файлов WAL 0, удалено: 0, переработано: 0; запись=1.541 сек., синхр.=0.030 сек., всего=1.588 сек.; синхронизировано_файлов=16, самая_долгая_синхр.=0.004 сек., средняя=0.002 сек.; расстояние=46 kB, ожидалось=46 kB; lsn=0/1A6B7B8, lsn redo=0/1A6B728
2025-06-14 13:39:18 +05 СООБЩЕНИЕ:  процесс сервера (PID 15000) был прерван исключением 0xC000013A
2025-06-14 13:39:18 +05 ПОДРОБНОСТИ:  Завершившийся процесс выполнял действие: INSERT INTO users (username, email, password)
	VALUES ('temur', 'temur@yumi.dev', '123456');
2025-06-14 13:39:18 +05 ПОДСКАЗКА:  Описание этого шестнадцатеричного значения ищите во включаемом C-файле "ntstatus.h"
2025-06-14 13:39:18 +05 СООБЩЕНИЕ:  завершение всех остальных активных серверных процессов
