2025-06-23 19:30:51 +05 СООБЩЕНИЕ:  система БД была выключена: 2025-06-23 14:28:32 +05
2025-06-23 19:35:51 +05 СООБЩЕНИЕ:  начата контрольная точка: time
2025-06-23 19:35:51 +05 СООБЩЕНИЕ:  контрольная точка завершена: записано буферов: 3 (0.0%); добавлено файлов WAL 0, удалено: 0, переработано: 0; запись=0.005 сек., синхр.=0.005 сек., всего=0.030 сек.; синхронизировано_файлов=2, самая_долгая_синхр.=0.003 сек., средняя=0.003 сек.; расстояние=0 kB, ожидалось=0 kB; lsn=0/1A82048, lsn redo=0/1A81FD8
2025-06-23 20:37:03 +05 РћРЁРР‘РљРђ:  РѕС€РёР±РєР° СЃРёРЅС‚Р°РєСЃРёСЃР° (РїСЂРёРјРµСЂРЅРѕРµ РїРѕР»РѕР¶РµРЅРёРµ: "limit") (СЃРёРјРІРѕР» 84)
2025-06-23 20:37:03 +05 РћРџР•Р РђРўРћР :  CREATE TABLE access_codes (
	  code TEXT PRIMARY KEY,
	  used_count INT DEFAULT 0,
	  limit INT DEFAULT 1
	);
	
	INSERT INTO access_codes (code, limit) VALUES
	('YUMI-001', 1),
	('YUMI-002', 1),
	('FAMILY-001', 5);
	
2025-06-23 20:37:14 +05 РћРЁРР‘РљРђ:  РѕС€РёР±РєР° СЃРёРЅС‚Р°РєСЃРёСЃР° (РїСЂРёРјРµСЂРЅРѕРµ РїРѕР»РѕР¶РµРЅРёРµ: "limit") (СЃРёРјРІРѕР» 84)
2025-06-23 20:37:14 +05 РћРџР•Р РђРўРћР :  CREATE TABLE access_codes (
	  code TEXT PRIMARY KEY,
	  used_count INT DEFAULT 0,
	  limit INT DEFAULT 1
	);
2025-06-23 20:37:19 +05 РћРЁРР‘РљРђ:  РѕС€РёР±РєР° СЃРёРЅС‚Р°РєСЃРёСЃР° (РїСЂРёРјРµСЂРЅРѕРµ РїРѕР»РѕР¶РµРЅРёРµ: "limit") (СЃРёРјРІРѕР» 84)
2025-06-23 20:37:19 +05 РћРџР•Р РђРўРћР :  CREATE TABLE access_codes (
	  code TEXT PRIMARY KEY,
	  used_count INT DEFAULT 0,
	  limit INT DEFAULT 1
	);
2025-06-23 20:37:20 +05 РћРЁРР‘РљРђ:  РѕС€РёР±РєР° СЃРёРЅС‚Р°РєСЃРёСЃР° (РїСЂРёРјРµСЂРЅРѕРµ РїРѕР»РѕР¶РµРЅРёРµ: "limit") (СЃРёРјРІРѕР» 84)
2025-06-23 20:37:20 +05 РћРџР•Р РђРўРћР :  CREATE TABLE access_codes (
	  code TEXT PRIMARY KEY,
	  used_count INT DEFAULT 0,
	  limit INT DEFAULT 1
	);
2025-06-23 20:37:21 +05 РћРЁРР‘РљРђ:  РѕС€РёР±РєР° СЃРёРЅС‚Р°РєСЃРёСЃР° (РїСЂРёРјРµСЂРЅРѕРµ РїРѕР»РѕР¶РµРЅРёРµ: "limit") (СЃРёРјРІРѕР» 84)
2025-06-23 20:37:21 +05 РћРџР•Р РђРўРћР :  CREATE TABLE access_codes (
	  code TEXT PRIMARY KEY,
	  used_count INT DEFAULT 0,
	  limit INT DEFAULT 1
	);
2025-06-23 20:37:27 +05 РћРЁРР‘РљРђ:  РѕС€РёР±РєР° СЃРёРЅС‚Р°РєСЃРёСЃР° (РїСЂРёРјРµСЂРЅРѕРµ РїРѕР»РѕР¶РµРЅРёРµ: "limit") (СЃРёРјРІРѕР» 84)
2025-06-23 20:37:27 +05 РћРџР•Р РђРўРћР :  CREATE TABLE access_codes (
	  code TEXT PRIMARY KEY,
	  used_count INT DEFAULT 0,
	  limit INT DEFAULT 1
	);
2025-06-23 20:37:30 +05 РћРЁРР‘РљРђ:  РѕС€РёР±РєР° СЃРёРЅС‚Р°РєСЃРёСЃР° (РїСЂРёРјРµСЂРЅРѕРµ РїРѕР»РѕР¶РµРЅРёРµ: "limit") (СЃРёРјРІРѕР» 84)
2025-06-23 20:37:30 +05 РћРџР•Р РђРўРћР :  CREATE TABLE access_codes (
	  code TEXT PRIMARY KEY,
	  used_count INT DEFAULT 0,
	  limit INT DEFAULT 1
	);
2025-06-23 20:37:30 +05 РћРЁРР‘РљРђ:  РѕС€РёР±РєР° СЃРёРЅС‚Р°РєСЃРёСЃР° (РїСЂРёРјРµСЂРЅРѕРµ РїРѕР»РѕР¶РµРЅРёРµ: "limit") (СЃРёРјРІРѕР» 84)
2025-06-23 20:37:30 +05 РћРџР•Р РђРўРћР :  CREATE TABLE access_codes (
	  code TEXT PRIMARY KEY,
	  used_count INT DEFAULT 0,
	  limit INT DEFAULT 1
	);
2025-06-23 20:37:31 +05 РћРЁРР‘РљРђ:  РѕС€РёР±РєР° СЃРёРЅС‚Р°РєСЃРёСЃР° (РїСЂРёРјРµСЂРЅРѕРµ РїРѕР»РѕР¶РµРЅРёРµ: "limit") (СЃРёРјРІРѕР» 84)
2025-06-23 20:37:31 +05 РћРџР•Р РђРўРћР :  CREATE TABLE access_codes (
	  code TEXT PRIMARY KEY,
	  used_count INT DEFAULT 0,
	  limit INT DEFAULT 1
	);
	
	INSERT INTO access_codes (code, limit) VALUES
	('YUMI-001', 1),
	('YUMI-002', 1),
	('FAMILY-001', 5);
	
2025-06-23 20:37:31 +05 РћРЁРР‘РљРђ:  РѕС€РёР±РєР° СЃРёРЅС‚Р°РєСЃРёСЃР° (РїСЂРёРјРµСЂРЅРѕРµ РїРѕР»РѕР¶РµРЅРёРµ: "limit") (СЃРёРјРІРѕР» 84)
2025-06-23 20:37:31 +05 РћРџР•Р РђРўРћР :  CREATE TABLE access_codes (
	  code TEXT PRIMARY KEY,
	  used_count INT DEFAULT 0,
	  limit INT DEFAULT 1
	);
2025-06-23 20:53:13 +05 РћРЁРР‘РљРђ:  РѕС‚РЅРѕС€РµРЅРёРµ "access_codes" СѓР¶Рµ СЃСѓС‰РµСЃС‚РІСѓРµС‚
2025-06-23 20:53:13 +05 РћРџР•Р РђРўРћР :  CREATE TABLE access_codes (
	  code TEXT PRIMARY KEY,
	  used_count INT DEFAULT 0,
	  code_limit INT DEFAULT 1
	);
2025-06-23 20:55:51 +05 СООБЩЕНИЕ:  начата контрольная точка: time
2025-06-23 20:55:55 +05 СООБЩЕНИЕ:  контрольная точка завершена: записано буферов: 41 (0.3%); добавлено файлов WAL 0, удалено: 0, переработано: 0; запись=4.254 сек., синхр.=0.051 сек., всего=4.330 сек.; синхронизировано_файлов=32, самая_долгая_синхр.=0.008 сек., средняя=0.002 сек.; расстояние=147 kB, ожидалось=147 kB; lsn=0/1AA6E38, lsn redo=0/1AA6DE0
2025-06-23 21:01:26 +05 РЎРћРћР‘Р©Р•РќРР•:  РЅРµ СѓРґР°Р»РѕСЃСЊ РїРѕР»СѓС‡РёС‚СЊ РґР°РЅРЅС‹Рµ РѕС‚ РєР»РёРµРЅС‚Р°: An existing connection was forcibly closed by the remote host.
	
2025-06-23 21:01:26 +05 РЎРћРћР‘Р©Р•РќРР•:  РЅРµ СѓРґР°Р»РѕСЃСЊ РїРѕР»СѓС‡РёС‚СЊ РґР°РЅРЅС‹Рµ РѕС‚ РєР»РёРµРЅС‚Р°: An existing connection was forcibly closed by the remote host.
	
2025-06-23 21:01:26 +05 РЎРћРћР‘Р©Р•РќРР•:  РЅРµ СѓРґР°Р»РѕСЃСЊ РїРѕР»СѓС‡РёС‚СЊ РґР°РЅРЅС‹Рµ РѕС‚ РєР»РёРµРЅС‚Р°: An existing connection was forcibly closed by the remote host.
	
2025-06-23 21:01:26 +05 РЎРћРћР‘Р©Р•РќРР•:  РЅРµ СѓРґР°Р»РѕСЃСЊ РїРѕР»СѓС‡РёС‚СЊ РґР°РЅРЅС‹Рµ РѕС‚ РєР»РёРµРЅС‚Р°: An existing connection was forcibly closed by the remote host.
	
2025-06-23 21:01:29 +05 ОШИБКА:  выполнение оператора отменено по запросу пользователя
2025-06-23 21:01:29 +05 СООБЩЕНИЕ:  выключение
2025-06-23 21:01:29 +05 СООБЩЕНИЕ:  начата контрольная точка: shutdown immediate
2025-06-23 21:01:29 +05 СООБЩЕНИЕ:  контрольная точка завершена: записано буферов: 0 (0.0%); добавлено файлов WAL 0, удалено: 0, переработано: 0; запись=0.001 сек., синхр.=0.001 сек., всего=0.014 сек.; синхронизировано_файлов=0, самая_долгая_синхр.=0.000 сек., средняя=0.000 сек.; расстояние=0 kB, ожидалось=132 kB; lsn=0/1AA6EE8, lsn redo=0/1AA6EE8
