2025-07-11 18:23:59 +05 СООБЩЕНИЕ:  система БД была выключена: 2025-07-11 16:18:29 +05
2025-07-11 18:28:59 +05 СООБЩЕНИЕ:  начата контрольная точка: time
2025-07-11 18:28:59 +05 СООБЩЕНИЕ:  контрольная точка завершена: записано буферов: 3 (0.0%); добавлено файлов WAL 0, удалено: 0, переработано: 0; запись=0.005 сек., синхр.=0.005 сек., всего=0.033 сек.; синхронизировано_файлов=2, самая_долгая_синхр.=0.003 сек., средняя=0.003 сек.; расстояние=0 kB, ожидалось=0 kB; lsn=0/1ADC510, lsn redo=0/1ADC4B8
2025-07-11 19:36:18 +05 РћРЁРР‘РљРђ:  РѕС‚РЅРѕС€РµРЅРёРµ "invites" СѓР¶Рµ СЃСѓС‰РµСЃС‚РІСѓРµС‚
2025-07-11 19:36:18 +05 РћРџР•Р РђРўРћР :  CREATE TABLE invites (
	  id SERIAL PRIMARY KEY,
	  code VARCHAR(20) UNIQUE NOT NULL,
	  type VARCHAR(20) NOT NULL,
	  used BOOLEAN DEFAULT FALSE,
	  created_at TIMESTAMP DEFAULT CURRENT_TIMESTAMP
	);
2025-07-11 19:38:57 +05 РћРЁРР‘РљРђ:  Р·РЅР°С‡РµРЅРёРµ NULL РІ СЃС‚РѕР»Р±С†Рµ "price" РѕС‚РЅРѕС€РµРЅРёСЏ "invites" РЅР°СЂСѓС€Р°РµС‚ РѕРіСЂР°РЅРёС‡РµРЅРёРµ NOT NULL
2025-07-11 19:38:57 +05 РџРћР”Р РћР‘РќРћРЎРўР:  РћС€РёР±РѕС‡РЅР°СЏ СЃС‚СЂРѕРєР° СЃРѕРґРµСЂР¶РёС‚ (2, L0BP99OK, Premium, null, 2025-07-11 19:38:57.741195, null, f, null, null).
2025-07-11 19:38:57 +05 РћРџР•Р РђРўРћР :  INSERT INTO invites (code, type, used, created_at) VALUES ($1, $2, $3, NOW())
2025-07-11 19:38:59 +05 СООБЩЕНИЕ:  начата контрольная точка: time
2025-07-11 19:39:01 +05 СООБЩЕНИЕ:  контрольная точка завершена: записано буферов: 15 (0.1%); добавлено файлов WAL 0, удалено: 0, переработано: 0; запись=1.565 сек., синхр.=0.029 сек., всего=1.617 сек.; синхронизировано_файлов=15, самая_долгая_синхр.=0.004 сек., средняя=0.002 сек.; расстояние=61 kB, ожидалось=61 kB; lsn=0/1AEBA40, lsn redo=0/1AEB9E8
2025-07-11 19:39:12 +05 РћРЁРР‘РљРђ:  Р·РЅР°С‡РµРЅРёРµ NULL РІ СЃС‚РѕР»Р±С†Рµ "price" РѕС‚РЅРѕС€РµРЅРёСЏ "invites" РЅР°СЂСѓС€Р°РµС‚ РѕРіСЂР°РЅРёС‡РµРЅРёРµ NOT NULL
2025-07-11 19:39:12 +05 РџРћР”Р РћР‘РќРћРЎРўР:  РћС€РёР±РѕС‡РЅР°СЏ СЃС‚СЂРѕРєР° СЃРѕРґРµСЂР¶РёС‚ (3, PMI7E2VB, Premium, null, 2025-07-11 19:39:12.278907, null, f, null, null).
2025-07-11 19:39:12 +05 РћРџР•Р РђРўРћР :  INSERT INTO invites (code, type, used, created_at) VALUES ($1, $2, $3, NOW())
2025-07-11 19:43:59 +05 СООБЩЕНИЕ:  начата контрольная точка: time
2025-07-11 19:43:59 +05 СООБЩЕНИЕ:  контрольная точка завершена: записано буферов: 5 (0.0%); добавлено файлов WAL 0, удалено: 0, переработано: 0; запись=0.422 сек., синхр.=0.012 сек., всего=0.448 сек.; синхронизировано_файлов=5, самая_долгая_синхр.=0.004 сек., средняя=0.003 сек.; расстояние=1 kB, ожидалось=55 kB; lsn=0/1AEBE60, lsn redo=0/1AEBE08
2025-07-11 20:24:05 +05 ОШИБКА:  выполнение оператора отменено по запросу пользователя
2025-07-11 20:24:05 +05 СООБЩЕНИЕ:  выключение
2025-07-11 20:24:05 +05 СООБЩЕНИЕ:  начата контрольная точка: shutdown immediate
2025-07-11 20:24:05 +05 СООБЩЕНИЕ:  контрольная точка завершена: записано буферов: 0 (0.0%); добавлено файлов WAL 0, удалено: 0, переработано: 0; запись=0.002 сек., синхр.=0.001 сек., всего=0.011 сек.; синхронизировано_файлов=0, самая_долгая_синхр.=0.000 сек., средняя=0.000 сек.; расстояние=0 kB, ожидалось=49 kB; lsn=0/1AEBF10, lsn redo=0/1AEBF10
